2025-03-20 09:51:39.784: [INFO] VisibilityChanged: 0
2025-03-20 09:51:39.868: [INFO] RecordSyncInitDurationhas_sync_been_enabled: 0 state: 0
2025-03-20 09:51:39.869: [INFO] RecordSyncInitDurationhas_sync_been_enabled: 0 state: 0
2025-03-20 09:51:39.869: [INFO] RecordSyncInitDurationhas_sync_been_enabled: 0 state: 0
2025-03-20 09:51:39.869: [INFO] RecordSyncInitDurationhas_sync_been_enabled: 0 state: 0
2025-03-20 09:51:39.870: [INFO] RecordSyncInitDurationhas_sync_been_enabled: 0 state: 0
2025-03-20 09:51:39.870: [INFO] RecordSyncInitDurationhas_sync_been_enabled: 0 state: 0
2025-03-20 09:51:39.872: [INFO] RecordSyncInitDurationhas_sync_been_enabled: 0 state: 0
2025-03-20 09:51:39.872: [INFO] RecordSyncInitDurationhas_sync_been_enabled: 0 state: 0
2025-03-20 09:51:39.873: [INFO] RecordSyncInitDurationhas_sync_been_enabled: 0 state: 0
2025-03-20 09:51:39.876: [INFO] RecordSyncInitDurationhas_sync_been_enabled: 0 state: 0
2025-03-20 09:51:39.877: [INFO] RecordSyncInitDurationhas_sync_been_enabled: 0 state: 0
2025-03-20 09:51:39.916: [INFO] BookmarkModelLoaded, ids_reassigned: 0
2025-03-20 09:51:39.916: [INFO] OnDoneLoading sync enabled: 0
2025-03-20 09:51:39.922: [INFO] RecordSyncInitDurationhas_sync_been_enabled: 0 state: 0
2025-03-20 09:51:45.035: [INFO] BookmarkNodeAdded, ABU: 0
2025-03-20 09:51:45.035: [INFO] BookmarkNodeAdded, ABU: 0
2025-03-20 09:51:45.035: [INFO] BookmarkNodeChanged, U: 1, F: 0, W: 0, P: 0
2025-03-20 09:51:45.035: [INFO] BookmarkNodeAdded, ABU: 0
2025-03-20 09:51:45.035: [INFO] BookmarkNodeChanged, U: 1, F: 0, W: 0, P: 0
2025-03-20 09:51:45.035: [INFO] BookmarkNodeAdded, ABU: 0
2025-03-20 09:51:45.035: [INFO] BookmarkNodeChanged, U: 1, F: 0, W: 0, P: 0
2025-03-20 09:51:47.532: [INFO] RecordSyncInitDurationhas_sync_been_enabled: 0 state: 3
2025-03-20 09:51:47.679: [INFO] Primary account changed.
2025-03-20 09:51:47.679: [INFO] OnPrimaryAccountChangedPrimaryAccountChangeEvent::Type::kSet
2025-03-20 09:51:47.683: [INFO] RecordSyncInitDurationhas_sync_been_enabled: 0 state: 3
2025-03-20 09:51:55.215: [INFO] Sync initialization duration: 7100ms
2025-03-20 12:54:15.122: [INFO] VisibilityChanged: 0
2025-03-20 12:54:15.217: [INFO] BookmarkModelLoaded, ids_reassigned: 0
2025-03-20 12:54:15.218: [INFO] OnDoneLoading sync enabled: 1
