{"logTime": "0320/095152", "correlationVector":"M0+pWEY+7v34bz2ZrgNwPL.1","action":"SyncServerConnectionManagerRequest", "result":"SYNC_SERVER_OK", "context":{"environment":"Prod_southeastasia_prod-s01-064-apac-southeastasia", "migrationStage":"NotStarted", "server":"akswtt00500001o"}}
{"logTime": "0320/095152", "correlationVector":"M0+pWEY+7v34bz2ZrgNwPL.2","action":"EncryptionKeysManager::SetEncryptionKeys:", "result":"Success", "context":Key names[1]:[BUlMMLIdGHzR3m/yuRXhPZwQ1/9OdyJGUzA8xO5l8kmO0klmGGSVClTiFQzgANyImJ/RAinEgjItL9conEcOig==]}
{"logTime": "0320/095152", "correlationVector":"M0+pWEY+7v34bz2ZrgNwPL.3","action":"AAD.GetKeyResponse", "result":"Fail", "context":Keys=0.LastKeyStatus=Empty.State=None.Pending NewKey. Tags: . Emails: ["ktsweerathunga@students.nsbm.ac.lk"]}
{"logTime": "0320/095152", "correlationVector":"M0+pWEY+7v34bz2ZrgNwPL.4","action":"ProcessGetUpdates", "result":"Done", "context":{"dataType":"Encryption Keys", "deleted":"0", "process_failed_to_decrypt":"0", "process_pending_decryption":"0", "process_success":"1", "total":"1"}}
{"logTime": "0320/095154", "correlationVector":"9y8sXpUL8Zuhv5N4MQJujg","action":"AAD.Mip.Pack:", "result":"Success", "context":MIP_CLOUD_COMMERCIAL:Success}
{"logTime": "0320/095154", "correlationVector":"9y8sXpUL8Zuhv5N4MQJujg.0","action":"AAD.AddCommitKey", "result":"Success", "context": Tags: Current_encryption_keys_tag = Empty, Updated_current_encryption_keys_tag = HEozgPEC6M1EbB2fFl3iYZ7Y6MT20uAlqVCBDsFxIRw=. Emails: ["ktsweerathunga@students.nsbm.ac.lk"]}
{"logTime": "0320/095154", "correlationVector":"xfzWrPHJZnCu1UmnKlQi7Y.1","action":"SyncServerConnectionManagerRequest", "result":"SYNC_SERVER_OK", "context":{"environment":"Prod_southeastasia_prod-s01-064-apac-southeastasia", "migrationStage":"NotStarted", "server":"akswtt00500000i"}}
{"logTime": "0320/095154", "correlationVector":"xfzWrPHJZnCu1UmnKlQi7Y.3","action":"AAD.CommitKeyResponse", "result":"Success", "context":Committed}
{"logTime": "0320/095154", "correlationVector":"M0+pWEY+7v34bz2ZrgNwPL","action":"Initial GetUpdates", "result":"", "context":Reason: NEW_CLIENT. cV=M0+pWEY+7v34bz2ZrgNwPL}
{"logTime": "0320/095154", "correlationVector":"M0+pWEY+7v34bz2ZrgNwPL.5","action":"GetUpdates Response", "result":"Success", "context":Received 1 update(s). cV=M0+pWEY+7v34bz2ZrgNwPL.0;server=akswtt00500001o;cloudType=Multitenant;environment=Prod_southeastasia_prod-s01-064-apac-southeastasia;migrationStage=NotStarted}
{"logTime": "0320/095154", "correlationVector":"xfzWrPHJZnCu1UmnKlQi7Y","action":"Commit Request", "result":"", "context":Item count: 1
Contributing types: Encryption Keys}
{"logTime": "0320/095154", "correlationVector":"xfzWrPHJZnCu1UmnKlQi7Y.2","action":"Commit Response", "result":"Success", "context":Result: Success. cV=xfzWrPHJZnCu1UmnKlQi7Y.0;server=akswtt00500000i;cloudType=Multitenant;environment=Prod_southeastasia_prod-s01-064-apac-southeastasia;migrationStage=NotStarted}
{"logTime": "0320/095154", "correlationVector":"OSNsCeMnXO5sQuzNdYdB0J","action":"Initial GetUpdates", "result":"", "context":Reason: NEW_CLIENT. cV=OSNsCeMnXO5sQuzNdYdB0J}
{"logTime": "0320/095154", "correlationVector":"OSNsCeMnXO5sQuzNdYdB0J.1","action":"SyncServerConnectionManagerRequest", "result":"SYNC_SERVER_OK", "context":{"environment":"Prod_southeastasia_prod-s01-064-apac-southeastasia", "migrationStage":"NotStarted", "server":"akswtt00500003n"}}
{"logTime": "0320/095154", "correlationVector":"OSNsCeMnXO5sQuzNdYdB0J.2","action":"ProcessGetUpdates", "result":"Done", "context":{"dataType":"Encryption Keys", "deleted":"0", "process_failed_to_decrypt":"0", "process_pending_decryption":"0", "process_success":"1", "total":"1"}}
{"logTime": "0320/095154", "correlationVector":"OSNsCeMnXO5sQuzNdYdB0J.3","action":"GetUpdates Response", "result":"Success", "context":Received 1 update(s). cV=OSNsCeMnXO5sQuzNdYdB0J.0;server=akswtt00500003n;cloudType=Multitenant;environment=Prod_southeastasia_prod-s01-064-apac-southeastasia;migrationStage=NotStarted}
{"logTime": "0320/095154", "correlationVector":"gb/p+DxI7P3qq2/HyAY5QW","action":"Initial GetUpdates", "result":"", "context":Reason: NEW_CLIENT. cV=gb/p+DxI7P3qq2/HyAY5QW}
{"logTime": "0320/095155", "correlationVector":"gb/p+DxI7P3qq2/HyAY5QW.1","action":"SyncServerConnectionManagerRequest", "result":"SYNC_SERVER_OK", "context":{"environment":"Prod_southeastasia_prod-s01-064-apac-southeastasia", "migrationStage":"NotStarted", "server":"akswtt005000019"}}
{"logTime": "0320/095155", "correlationVector":"gb/p+DxI7P3qq2/HyAY5QW.2","action":"ProcessGetUpdates", "result":"Done", "context":{"dataType":"Bookmarks", "deleted":"0", "process_failed_to_decrypt":"0", "process_pending_decryption":"0", "process_success":"5", "total":"5"}}
{"logTime": "0320/095155", "correlationVector":"gb/p+DxI7P3qq2/HyAY5QW.3","action":"GetUpdates Response", "result":"Success", "context":Received 5 update(s). cV=gb/p+DxI7P3qq2/HyAY5QW.0;server=akswtt005000019;cloudType=Multitenant;environment=Prod_southeastasia_prod-s01-064-apac-southeastasia;migrationStage=NotStarted}
{"logTime": "0320/095155", "correlationVector":"AMjtdDF5KSvmgXhh7MgB7q","action":"Initial GetUpdates", "result":"", "context":Reason: NEW_CLIENT. cV=AMjtdDF5KSvmgXhh7MgB7q}
{"logTime": "0320/095155", "correlationVector":"AMjtdDF5KSvmgXhh7MgB7q.1","action":"SyncServerConnectionManagerRequest", "result":"SYNC_SERVER_OK", "context":{"environment":"Prod_southeastasia_prod-s01-064-apac-southeastasia", "migrationStage":"NotStarted", "server":"akswtt00500003n"}}
{"logTime": "0320/095155", "correlationVector":"AMjtdDF5KSvmgXhh7MgB7q.2","action":"ProcessGetUpdates", "result":"Done", "context":{"dataType":"Autofill", "deleted":"0", "process_failed_to_decrypt":"0", "process_pending_decryption":"0", "process_success":"1", "total":"1"}}
{"logTime": "0320/095155", "correlationVector":"AMjtdDF5KSvmgXhh7MgB7q.3","action":"GetUpdates Response", "result":"Success", "context":Received 1 update(s). cV=AMjtdDF5KSvmgXhh7MgB7q.0;server=akswtt00500003n;cloudType=Multitenant;environment=Prod_southeastasia_prod-s01-064-apac-southeastasia;migrationStage=NotStarted}
{"logTime": "0320/095155", "correlationVector":"mChzjZkVihT7uWVBYCqtki","action":"Initial GetUpdates", "result":"", "context":Reason: NEW_CLIENT. cV=mChzjZkVihT7uWVBYCqtki}
{"logTime": "0320/095155", "correlationVector":"mChzjZkVihT7uWVBYCqtki.1","action":"SyncServerConnectionManagerRequest", "result":"SYNC_SERVER_OK", "context":{"environment":"Prod_southeastasia_prod-s01-064-apac-southeastasia", "migrationStage":"NotStarted", "server":"akswtt00500001a"}}
{"logTime": "0320/095155", "correlationVector":"mChzjZkVihT7uWVBYCqtki.2","action":"GetUpdates Response", "result":"Success", "context":Received 0 update(s). cV=mChzjZkVihT7uWVBYCqtki.0;server=akswtt00500001a;cloudType=Multitenant;environment=Prod_southeastasia_prod-s01-064-apac-southeastasia;migrationStage=NotStarted}
{"logTime": "0320/095155", "correlationVector":"HZrEGaoB/1fYo+yuzTHlt0","action":"Normal GetUpdate request", "result":"", "context":cV=HZrEGaoB/1fYo+yuzTHlt0
Nudged types: Bookmarks, Preferences, Sessions, Device Info, User Consents, Encryption Keys
Refresh requested types: Bookmarks, Preferences, Passwords, Autofill Profiles, Autofill, Extensions, Sessions, Extension settings, History Delete Directives, Device Info, User Consents, Send Tab To Self, Web Apps, History, Collection, Edge E Drop, Edge Hub App Usage, Edge Tab Group, Edge Wallet, Encryption Keys}
{"logTime": "0320/095155", "correlationVector":"HZrEGaoB/1fYo+yuzTHlt0.1","action":"SyncServerConnectionManagerRequest", "result":"SYNC_SERVER_OK", "context":{"environment":"Prod_southeastasia_prod-s01-064-apac-southeastasia", "migrationStage":"NotStarted", "server":"akswtt00500003n"}}
{"logTime": "0320/095155", "correlationVector":"HZrEGaoB/1fYo+yuzTHlt0.2","action":"GetUpdates Response", "result":"Success", "context":Received 0 update(s). cV=HZrEGaoB/1fYo+yuzTHlt0.0;server=akswtt00500003n;cloudType=Multitenant;environment=Prod_southeastasia_prod-s01-064-apac-southeastasia;migrationStage=NotStarted}
{"logTime": "0320/095155", "correlationVector":"q49vM55+29FD8+rJsbVGT/","action":"Commit Request", "result":"", "context":Item count: 28
Contributing types: Bookmarks, Preferences, Sessions, Device Info, User Consents}
{"logTime": "0320/095156", "correlationVector":"q49vM55+29FD8+rJsbVGT/.1","action":"SyncServerConnectionManagerRequest", "result":"SYNC_SERVER_OK", "context":{"environment":"Prod_southeastasia_prod-s01-064-apac-southeastasia", "migrationStage":"NotStarted", "server":"akswtt00500001a"}}
{"logTime": "0320/095156", "correlationVector":"q49vM55+29FD8+rJsbVGT/.2","action":"Commit Response", "result":"Success", "context":Result: Success. cV=q49vM55+29FD8+rJsbVGT/.0;server=akswtt00500001a;cloudType=Multitenant;environment=Prod_southeastasia_prod-s01-064-apac-southeastasia;migrationStage=NotStarted}
{"logTime": "0320/102309", "correlationVector":"P5662OzV4M/NSGUfbo2E06","action":"Commit Request", "result":"", "context":Item count: 2
Contributing types: Sessions, User Consents}
{"logTime": "0320/102309", "correlationVector":"P5662OzV4M/NSGUfbo2E06.1","action":"SyncServerConnectionManagerRequest", "result":"SYNC_SERVER_OK", "context":{"environment":"Prod_southeastasia_prod-s01-064-apac-southeastasia", "migrationStage":"NotStarted", "server":"akswtt005000030"}}
{"logTime": "0320/102309", "correlationVector":"P5662OzV4M/NSGUfbo2E06.2","action":"Commit Response", "result":"Success", "context":Result: Success. cV=P5662OzV4M/NSGUfbo2E06.0;server=akswtt005000030;cloudType=Multitenant;environment=Prod_southeastasia_prod-s01-064-apac-southeastasia;migrationStage=NotStarted}
