2025-03-20 09:51:39.479: [INFO][Sync] Reset engine, reason: 8
2025-03-20 09:51:39.479: [INFO][Sync] Stopped: Bookmarks
2025-03-20 09:51:39.479: [INFO][Sync] Stopped: Preferences
2025-03-20 09:51:39.479: [INFO][Sync] Stopped: Passwords
2025-03-20 09:51:39.479: [INFO][Sync] Stopped: Autofill Profiles
2025-03-20 09:51:39.479: [INFO][Sync] Stopped: Autofill
2025-03-20 09:51:39.479: [INFO][Sync] Stopped: Extensions
2025-03-20 09:51:39.479: [INFO][Sync] Stopped: Sessions
2025-03-20 09:51:39.479: [INFO][Sync] Stopped: Extension settings
2025-03-20 09:51:39.479: [INFO][Sync] Stopped: History Delete Directives
2025-03-20 09:51:39.479: [INFO][Sync] Stopped: Device Info
2025-03-20 09:51:39.479: [INFO][Sync] Stopped: User Consents
2025-03-20 09:51:39.479: [INFO][Sync] Stopped: Send Tab To Self
2025-03-20 09:51:39.479: [INFO][Sync] Stopped: Web Apps
2025-03-20 09:51:39.479: [INFO][Sync] Stopped: History
2025-03-20 09:51:39.479: [INFO][Sync] Stopped: Collection
2025-03-20 09:51:39.479: [INFO][Sync] Stopped: Edge E Drop
2025-03-20 09:51:39.479: [INFO][Sync] Stopped: Edge Hub App Usage
2025-03-20 09:51:39.479: [INFO][Sync] Stopped: Edge Tab Group
2025-03-20 09:51:39.479: [INFO][Sync] Stopped: Edge Wallet
2025-03-20 09:51:39.479: [INFO][Sync] SyncState after authenticated was: NotSignedIn
2025-03-20 09:51:39.921: [INFO][Sync] Reset engine, reason: 8
2025-03-20 09:51:39.921: [INFO][Sync] Stopped: Bookmarks
2025-03-20 09:51:39.921: [INFO][Sync] Stopped: Preferences
2025-03-20 09:51:39.921: [INFO][Sync] Stopped: Passwords
2025-03-20 09:51:39.921: [INFO][Sync] Stopped: Autofill Profiles
2025-03-20 09:51:39.921: [INFO][Sync] Stopped: Autofill
2025-03-20 09:51:39.921: [INFO][Sync] Stopped: Extensions
2025-03-20 09:51:39.921: [INFO][Sync] Stopped: Sessions
2025-03-20 09:51:39.921: [INFO][Sync] Stopped: Extension settings
2025-03-20 09:51:39.921: [INFO][Sync] Stopped: History Delete Directives
2025-03-20 09:51:39.921: [INFO][Sync] Stopped: Device Info
2025-03-20 09:51:39.921: [INFO][Sync] Stopped: User Consents
2025-03-20 09:51:39.921: [INFO][Sync] Stopped: Send Tab To Self
2025-03-20 09:51:39.921: [INFO][Sync] Stopped: Web Apps
2025-03-20 09:51:39.921: [INFO][Sync] Stopped: History
2025-03-20 09:51:39.921: [INFO][Sync] Stopped: Collection
2025-03-20 09:51:39.921: [INFO][Sync] Stopped: Edge E Drop
2025-03-20 09:51:39.921: [INFO][Sync] Stopped: Edge Hub App Usage
2025-03-20 09:51:39.921: [INFO][Sync] Stopped: Edge Tab Group
2025-03-20 09:51:39.921: [INFO][Sync] Stopped: Edge Wallet
2025-03-20 09:51:47.701: [INFO][Sync] Try to start sync engine
2025-03-20 09:51:47.725: [INFO][SyncManagerImpl::NudgeForInitialDownload] Initial download nudge for Encryption Keys
2025-03-20 09:51:47.725: [INFO][SyncEngineBackend::LoadAndConnectNigoriController] Load and connect Nigori controller
2025-03-20 09:51:47.725: [INFO][SyncEngineBackend::DoInitialize] Control Types added: Encryption Keys
2025-03-20 09:51:47.725: [INFO][SyncManagerImpl::ConfigureSyncer] Types to download: Encryption Keys with reason: 3
2025-03-20 09:51:47.725: [INFO][SyncSchedulerImpl::DoConfigurationSyncCycleJob] Configure job was blocked
2025-03-20 09:51:50.738: [INFO][SyncAuthManager::SetLastAuthError] Current auth error: None
2025-03-20 09:51:50.738: [INFO][SyncAuthManager::EdgeLogTokenErrorState] Token error with: None for account type: AAD
2025-03-20 09:51:50.738: [INFO][Sync] Credentials changed for: EdgeSyncScopeNew
2025-03-20 09:51:50.931: [INFO][SyncAuthManager::SetLastAuthError] Current auth error: None
2025-03-20 09:51:50.931: [INFO][SyncAuthManager::EdgeLogTokenErrorState] Token error with: None for account type: AAD
2025-03-20 09:51:50.931: [INFO][Sync] Credentials changed for: EdgeSyncKeyDataScope
2025-03-20 09:51:50.932: [INFO][SyncEngineBackend::DoUpdateKeyDataCredentials] Update key data credentials
2025-03-20 09:51:50.932: [INFO][SyncEngineBackend::DoUpdateCredentials] Update credentials
2025-03-20 09:51:50.932: [INFO][SyncSchedulerImpl::DoConfigurationSyncCycleJob] Blocked types:  and types to download: Encryption Keys
2025-03-20 09:51:54.819: [INFO][Sync] Started DataTypeManager configuration, reason: 4
2025-03-20 09:51:54.819: [INFO][Sync] Configuring for: Bookmarks, Preferences, Passwords, Autofill Profiles, Autofill, Extensions, Sessions, Extension settings, History Delete Directives, Device Info, User Consents, Send Tab To Self, Web Apps, History, Collection, Edge E Drop, Edge Hub App Usage, Edge Tab Group, Edge Wallet, Encryption Keys, reason: 3, current state: 0
2025-03-20 09:51:54.819: [INFO][SyncEngineBackend::DoStartConfiguration] Start configuration
2025-03-20 09:51:54.822: [INFO][Sync] Configure, desired: Bookmarks, Preferences, Passwords, Autofill Profiles, Autofill, Extensions, Sessions, Extension settings, History Delete Directives, Device Info, User Consents, Send Tab To Self, Web Apps, History, Collection, Edge E Drop, Edge Hub App Usage, Edge Tab Group, Edge Wallet, Encryption Keys; Allow fail: 
2025-03-20 09:51:54.822: [INFO][Sync] Loading: Bookmarks
2025-03-20 09:51:54.822: [INFO][Sync] Loading: Preferences
2025-03-20 09:51:54.822: [INFO][Sync] Loading: Passwords
2025-03-20 09:51:54.822: [INFO][Sync] Loading: Autofill Profiles
2025-03-20 09:51:54.822: [INFO][Sync] Loading: Autofill
2025-03-20 09:51:54.822: [INFO][Sync] Loading: Extensions
2025-03-20 09:51:54.823: [INFO][Sync] Loading: Sessions
2025-03-20 09:51:54.823: [INFO][Sync] Loading: Extension settings
2025-03-20 09:51:54.823: [INFO][Sync] Loading: History Delete Directives
2025-03-20 09:51:54.823: [INFO][Sync] Loading: Device Info
2025-03-20 09:51:54.823: [INFO][Sync] Loading: User Consents
2025-03-20 09:51:54.823: [INFO][Sync] Loading: Send Tab To Self
2025-03-20 09:51:54.823: [INFO][Sync] Loading: Web Apps
2025-03-20 09:51:54.823: [INFO][Sync] Loading: History
2025-03-20 09:51:54.823: [INFO][Sync] Loading: Collection
2025-03-20 09:51:54.823: [INFO][Sync] Loading: Edge E Drop
2025-03-20 09:51:54.823: [INFO][Sync] Loading: Edge Hub App Usage
2025-03-20 09:51:54.823: [INFO][Sync] Loading: Edge Tab Group
2025-03-20 09:51:54.823: [INFO][Sync] Loading: Edge Wallet
2025-03-20 09:51:54.829: [INFO][Sync] All data types are ready for configure.
2025-03-20 09:51:54.830: [INFO][SyncManagerImpl::NudgeForInitialDownload] Initial download nudge for Bookmarks
2025-03-20 09:51:54.830: [INFO][SyncManagerImpl::NudgeForInitialDownload] Initial download nudge for Preferences
2025-03-20 09:51:54.830: [INFO][SyncManagerImpl::NudgeForInitialDownload] Initial download nudge for Passwords
2025-03-20 09:51:54.830: [INFO][SyncManagerImpl::NudgeForInitialDownload] Initial download nudge for Autofill Profiles
2025-03-20 09:51:54.830: [INFO][SyncManagerImpl::NudgeForInitialDownload] Initial download nudge for Autofill
2025-03-20 09:51:54.830: [INFO][SyncManagerImpl::NudgeForInitialDownload] Initial download nudge for Extensions
2025-03-20 09:51:54.830: [INFO][SyncManagerImpl::NudgeForInitialDownload] Initial download nudge for Sessions
2025-03-20 09:51:54.830: [INFO][SyncManagerImpl::NudgeForInitialDownload] Initial download nudge for Extension settings
2025-03-20 09:51:54.830: [INFO][SyncManagerImpl::NudgeForInitialDownload] Initial download nudge for History Delete Directives
2025-03-20 09:51:54.830: [INFO][SyncManagerImpl::NudgeForInitialDownload] Initial download nudge for Device Info
2025-03-20 09:51:54.830: [INFO][SyncManagerImpl::NudgeForInitialDownload] Initial download nudge for Send Tab To Self
2025-03-20 09:51:54.830: [INFO][SyncManagerImpl::NudgeForInitialDownload] Initial download nudge for Web Apps
2025-03-20 09:51:54.830: [INFO][SyncManagerImpl::NudgeForInitialDownload] Initial download nudge for History
2025-03-20 09:51:54.830: [INFO][SyncManagerImpl::NudgeForInitialDownload] Initial download nudge for Collection
2025-03-20 09:51:54.830: [INFO][SyncManagerImpl::NudgeForInitialDownload] Initial download nudge for Edge E Drop
2025-03-20 09:51:54.830: [INFO][SyncManagerImpl::NudgeForInitialDownload] Initial download nudge for Edge Hub App Usage
2025-03-20 09:51:54.830: [INFO][SyncManagerImpl::NudgeForInitialDownload] Initial download nudge for Edge Tab Group
2025-03-20 09:51:54.830: [INFO][SyncManagerImpl::NudgeForInitialDownload] Initial download nudge for Edge Wallet
2025-03-20 09:51:54.830: [INFO][SyncManagerImpl::ConfigureSyncer] Types to download:  with reason: 3
2025-03-20 09:51:54.830: [INFO][SyncEngineBackend::DoFinishConfigureDataTypes] Failed to download types:  and succeeded types: 
2025-03-20 09:51:54.834: [INFO][Sync] ConfigurationDone, failed: , succeeded: , remaining count: 4
2025-03-20 09:51:54.834: [INFO][Sync] Prepare to configure types: Preferences, Passwords, Device Info, Send Tab To Self, Edge E Drop, Encryption Keys
2025-03-20 09:51:54.834: [INFO][SyncManagerImpl::ConfigureSyncer] Types to download: Preferences, Passwords, Device Info, Send Tab To Self, Edge E Drop, Encryption Keys with reason: 3
2025-03-20 09:51:54.834: [INFO][SyncSchedulerImpl::DoConfigurationSyncCycleJob] Blocked types:  and types to download: Preferences, Passwords, Device Info, Send Tab To Self, Edge E Drop, Encryption Keys
2025-03-20 09:51:54.969: [INFO][SyncEngineBackend::DoFinishConfigureDataTypes] Failed to download types:  and succeeded types: Preferences, Passwords, Device Info, Send Tab To Self, Edge E Drop, Encryption Keys
2025-03-20 09:51:54.972: [INFO][Sync] ConfigurationDone, failed: , succeeded: Preferences, Passwords, Device Info, Send Tab To Self, Edge E Drop, Encryption Keys, remaining count: 3
2025-03-20 09:51:54.972: [INFO][Sync] Prepare to configure types: Bookmarks, Encryption Keys
2025-03-20 09:51:54.973: [INFO][SyncManagerImpl::ConfigureSyncer] Types to download: Bookmarks, Encryption Keys with reason: 3
2025-03-20 09:51:54.973: [INFO][SyncSchedulerImpl::DoConfigurationSyncCycleJob] Blocked types:  and types to download: Bookmarks, Encryption Keys
2025-03-20 09:51:55.084: [INFO][SyncEngineBackend::DoFinishConfigureDataTypes] Failed to download types:  and succeeded types: Bookmarks, Encryption Keys
2025-03-20 09:51:55.086: [INFO][Sync] ConfigurationDone, failed: , succeeded: Bookmarks, Encryption Keys, remaining count: 2
2025-03-20 09:51:55.086: [INFO][Sync] Prepare to configure types: Autofill Profiles, Autofill, Extensions, Sessions, Extension settings, History Delete Directives, Web Apps, Collection, Edge Hub App Usage, Edge Tab Group, Edge Wallet, Encryption Keys
2025-03-20 09:51:55.086: [INFO][SyncManagerImpl::ConfigureSyncer] Types to download: Autofill Profiles, Autofill, Extensions, Sessions, Extension settings, History Delete Directives, Web Apps, Collection, Edge Hub App Usage, Edge Tab Group, Edge Wallet, Encryption Keys with reason: 3
2025-03-20 09:51:55.086: [INFO][SyncSchedulerImpl::DoConfigurationSyncCycleJob] Blocked types:  and types to download: Autofill Profiles, Autofill, Extensions, Sessions, Extension settings, History Delete Directives, Web Apps, Collection, Edge Hub App Usage, Edge Tab Group, Edge Wallet, Encryption Keys
2025-03-20 09:51:55.211: [INFO][SyncEngineBackend::DoFinishConfigureDataTypes] Failed to download types:  and succeeded types: Autofill Profiles, Autofill, Extensions, Sessions, Extension settings, History Delete Directives, Web Apps, Collection, Edge Hub App Usage, Edge Tab Group, Edge Wallet, Encryption Keys
2025-03-20 09:51:55.213: [INFO][Sync] ConfigurationDone, failed: , succeeded: Autofill Profiles, Autofill, Extensions, Sessions, Extension settings, History Delete Directives, Web Apps, Collection, Edge Hub App Usage, Edge Tab Group, Edge Wallet, Encryption Keys, remaining count: 1
2025-03-20 09:51:55.216: [INFO][Sync] Prepare to configure types: History, Encryption Keys
2025-03-20 09:51:55.216: [INFO][SyncManagerImpl::ConfigureSyncer] Types to download: History, Encryption Keys with reason: 3
2025-03-20 09:51:55.216: [INFO][SyncSchedulerImpl::DoConfigurationSyncCycleJob] Blocked types:  and types to download: History, Encryption Keys
2025-03-20 09:51:55.316: [INFO][SyncEngineBackend::DoFinishConfigureDataTypes] Failed to download types:  and succeeded types: History, Encryption Keys
2025-03-20 09:51:55.319: [INFO][Sync] ConfigurationDone, failed: , succeeded: History, Encryption Keys, remaining count: 0
2025-03-20 09:51:55.324: [INFO][Sync]     Configuration completed, state: 3
2025-03-20 09:51:55.324: [INFO][Sync] Configured DataTypeManager: Ok
2025-03-20 09:51:55.328: [INFO][SyncEngineBackend::DoStartSyncing] Start syncing
2025-03-20 10:23:29.741: [INFO][Sync] Reset engine, reason: 0
2025-03-20 10:23:29.741: [INFO][Sync] Reset engine with reason: 0
2025-03-20 12:54:14.878: [INFO][Sync] SyncState after authenticated was: FeatureCanStart
2025-03-20 12:54:15.722: [INFO][Sync] Try to start sync engine
2025-03-20 12:54:15.726: [INFO][SyncManagerImpl::NudgeForInitialDownload] Initial download nudge for Encryption Keys
2025-03-20 12:54:15.726: [INFO][SyncEngineBackend::LoadAndConnectNigoriController] Load and connect Nigori controller
2025-03-20 12:54:15.726: [INFO][SyncEngineBackend::DoInitialize] Control Types added: Encryption Keys
2025-03-20 12:54:15.726: [INFO][SyncManagerImpl::ConfigureSyncer] Types to download: Encryption Keys with reason: 3
2025-03-20 12:54:15.727: [INFO][SyncSchedulerImpl::DoConfigurationSyncCycleJob] Configure job was blocked
2025-03-20 12:54:50.624: [INFO][SyncAuthManager::EdgeLogTokenErrorState] Token error with: EDGE_AUTH_ERROR: 3, 15, caa70004 for account type: AAD
2025-03-20 12:54:50.624: [INFO][Sync] Credentials changed for: EdgeSyncKeyDataScope
2025-03-20 12:54:51.011: [INFO][SyncAuthManager::EdgeLogTokenErrorState] Token error with: EDGE_AUTH_ERROR: 3, 15, caa70004 for account type: AAD
2025-03-20 12:54:51.011: [INFO][Sync] Credentials changed for: EdgeSyncScopeNew
2025-03-20 12:54:51.011: [WARN][Sync]    Token is empty
2025-03-20 12:54:51.012: [INFO][Sync] Connection status changed to: 2
2025-03-20 12:55:03.671: [INFO][Sync] Reset engine, reason: 0
2025-03-20 12:55:03.671: [INFO][Sync] Reset engine with reason: 0
